<?xml version="1.0" encoding="UTF-8"?>
<!-- Generated by org.testng.reporters.JUnitReportReporter -->
<testsuite hostname="DESKTOP-70JVUD8" failures="0" tests="1" name="com.testNg.test.NewTest" time="0.269" errors="0" timestamp="2023-02-20T15:37:00 CST" skipped="0">
  <testcase classname="com.testNg.test.NewTest" name="f" time="0.269"/>
  <system-out/>
</testsuite> <!-- com.testNg.test.NewTest -->
